<?xml version="1.0" encoding="UTF-8"?>
<!-- Generated by org.testng.reporters.JUnitXMLReporter -->
<testsuite hostname="INFOVITY-LT-187" ignored="0" name="Parallel" tests="4" failures="0" timestamp="24 Dec 2019 06:12:13 GMT" time="133.719" errors="0">
  <testcase name="Firefox" time="0.029" classname="driverscript.DClass"/>
  <testcase name="Safari" time="0.033" classname="driverscript.DClass"/>
  <testcase name="IE" time="0.036" classname="driverscript.DClass"/>
  <testcase name="Chrome" time="133.609" classname="driverscript.DClass"/>
</testsuite> <!-- Parallel -->
